<?xml version="1.0" encoding="UTF-8" ?>
<testsuite failures="0" time="0.143" errors="0" skipped="0" tests="1" name="com.citi.tradservices.service.callback.CallbackMockTest">
  <properties>
    <property name="jboss.i18n.generate-proxies" value="true"/>
    <property name="java.runtime.name" value="Java(TM) SE Runtime Environment"/>
    <property name="sun.boot.library.path" value="c:\Program Files (x86)\Java\jdk1.7.0_51\jre\bin"/>
    <property name="java.vm.version" value="24.51-b03"/>
    <property name="user.country.format" value="BR"/>
    <property name="java.vm.vendor" value="Oracle Corporation"/>
    <property name="java.vendor.url" value="http://java.oracle.com/"/>
    <property name="path.separator" value=";"/>
    <property name="java.vm.name" value="Java HotSpot(TM) Client VM"/>
    <property name="file.encoding.pkg" value="sun.io"/>
    <property name="user.script" value=""/>
    <property name="user.country" value="US"/>
    <property name="sun.java.launcher" value="SUN_STANDARD"/>
    <property name="sun.os.patch.level" value="Service Pack 1"/>
    <property name="java.vm.specification.name" value="Java Virtual Machine Specification"/>
    <property name="user.dir" value="c:\Users\jr23508\Documents\JoaoVictor\tmp\tradeservices"/>
    <property name="java.runtime.version" value="1.7.0_51-b31"/>
    <property name="java.awt.graphicsenv" value="sun.awt.Win32GraphicsEnvironment"/>
    <property name="basedir" value="c:\Users\jr23508\Documents\JoaoVictor\tmp\tradeservices"/>
    <property name="java.endorsed.dirs" value="c:\Program Files (x86)\Java\jdk1.7.0_51\jre\lib\endorsed"/>
    <property name="os.arch" value="x86"/>
    <property name="surefire.real.class.path" value="c:\Users\jr23508\Documents\JoaoVictor\tmp\tradeservices\target\surefire\surefirebooter4117887007919582968.jar"/>
    <property name="java.io.tmpdir" value="C:\Users\jr23508\AppData\Local\Temp\"/>
    <property name="line.separator" value="
"/>
    <property name="java.vm.specification.vendor" value="Oracle Corporation"/>
    <property name="user.variant" value=""/>
    <property name="os.name" value="Windows 7"/>
    <property name="sun.jnu.encoding" value="Cp1252"/>
    <property name="java.library.path" value="c:\Program Files (x86)\Java\jdk1.7.0_51\jre\bin;C:\Windows\Sun\Java\bin;C:\Windows\system32;C:\Windows;c:\Users\jr23508\bin;.;C:\Program Files (x86)\Git\local\bin;C:\Program Files (x86)\Git\mingw\bin;C:\Program Files (x86)\Git\bin;c:\oraclexe\app\oracle\product\11.2.0\server\bin;.;c:\Oracle\product\11.2.0.3\client\bin;c:\Windows\system32;c:\Windows;c:\Windows\System32\Wbem;c:\Windows\System32\WindowsPowerShell\v1.0\;c:\Program Files (x86)\SSH Communications Security\SSH Tectia\SSH Tectia AUX;c:\Program Files (x86)\SSH Communications Security\SSH Tectia\SSH Tectia AUX\Support binaries;c:\Program Files (x86)\SSH Communications Security\SSH Tectia\SSH Tectia Broker;c:\Program Files (x86)\SSH Communications Security\SSH Tectia\SSH Tectia Client;c:\Program Files (x86)\Attachmate\EXTRA!\;c:\Program Files\TortoiseSVN\bin;c:\Program Files (x86)\IBM\WebSphere MQ\bin64;c:\Program Files (x86)\IBM\WebSphere MQ\bin;c:\Program Files (x86)\IBM\WebSphere MQ\tools\c\samples\bin;c:\Oracle\Middleware\jdk160_14_R27.6.5-32\bin;c:\Users\jr23508\Documents\JoaoVictor\apis\apache-maven-3.0.3\bin;c:\Users\jr23508\Documents\JoaoVictor\apps\nodejs\;c:\Users\jr23508\AppData\Roaming\npm;."/>
    <property name="surefire.test.class.path" value="c:\Users\jr23508\Documents\JoaoVictor\tmp\tradeservices\target\test-classes;c:\Users\jr23508\Documents\JoaoVictor\tmp\tradeservices\target\generated-classes\cobertura;C:\Users\jr23508\.m2\repository\javax\servlet\javax.servlet-api\3.1.0\javax.servlet-api-3.1.0.jar;C:\Users\jr23508\.m2\repository\javax\transaction\jta\1.1\jta-1.1.jar;C:\Users\jr23508\.m2\repository\javax\servlet\jstl\1.2\jstl-1.2.jar;C:\Users\jr23508\.m2\repository\org\mockito\mockito-all\2.0.2-beta\mockito-all-2.0.2-beta.jar;C:\Users\jr23508\.m2\repository\com\h2database\h2\1.4.187\h2-1.4.187.jar;C:\Users\jr23508\.m2\repository\org\hamcrest\hamcrest-all\1.3\hamcrest-all-1.3.jar;C:\Users\jr23508\.m2\repository\org\hamcrest\hamcrest-library\1.3\hamcrest-library-1.3.jar;C:\Users\jr23508\.m2\repository\org\hamcrest\hamcrest-core\1.3\hamcrest-core-1.3.jar;C:\Users\jr23508\.m2\repository\com\jayway\jsonpath\json-path\2.0.0\json-path-2.0.0.jar;C:\Users\jr23508\.m2\repository\org\slf4j\slf4j-api\1.7.10\slf4j-api-1.7.10.jar;C:\Users\jr23508\.m2\repository\net\minidev\json-smart\2.1.1\json-smart-2.1.1.jar;C:\Users\jr23508\.m2\repository\net\minidev\asm\1.0.2\asm-1.0.2.jar;C:\Users\jr23508\.m2\repository\asm\asm\3.3.1\asm-3.3.1.jar;C:\Users\jr23508\.m2\repository\org\hibernate\hibernate-core\4.3.8.Final\hibernate-core-4.3.8.Final.jar;C:\Users\jr23508\.m2\repository\org\jboss\logging\jboss-logging\3.1.3.GA\jboss-logging-3.1.3.GA.jar;C:\Users\jr23508\.m2\repository\org\jboss\logging\jboss-logging-annotations\1.2.0.Beta1\jboss-logging-annotations-1.2.0.Beta1.jar;C:\Users\jr23508\.m2\repository\org\jboss\spec\javax\transaction\jboss-transaction-api_1.2_spec\1.0.0.Final\jboss-transaction-api_1.2_spec-1.0.0.Final.jar;C:\Users\jr23508\.m2\repository\dom4j\dom4j\1.6.1\dom4j-1.6.1.jar;C:\Users\jr23508\.m2\repository\xml-apis\xml-apis\1.0.b2\xml-apis-1.0.b2.jar;C:\Users\jr23508\.m2\repository\org\hibernate\common\hibernate-commons-annotations\4.0.5.Final\hibernate-commons-annotations-4.0.5.Final.jar;C:\Users\jr23508\.m2\repository\org\hibernate\javax\persistence\hibernate-jpa-2.1-api\1.0.0.Final\hibernate-jpa-2.1-api-1.0.0.Final.jar;C:\Users\jr23508\.m2\repository\org\javassist\javassist\3.18.1-GA\javassist-3.18.1-GA.jar;C:\Users\jr23508\.m2\repository\antlr\antlr\2.7.7\antlr-2.7.7.jar;C:\Users\jr23508\.m2\repository\org\jboss\jandex\1.1.0.Final\jandex-1.1.0.Final.jar;C:\Users\jr23508\.m2\repository\oracle\ojdbc\ojdbc6\11.2.0.4\ojdbc6-11.2.0.4.jar;C:\Users\jr23508\.m2\repository\org\springframework\spring-core\4.1.4.RELEASE\spring-core-4.1.4.RELEASE.jar;C:\Users\jr23508\.m2\repository\commons-logging\commons-logging\1.2\commons-logging-1.2.jar;C:\Users\jr23508\.m2\repository\org\springframework\spring-webmvc\4.1.4.RELEASE\spring-webmvc-4.1.4.RELEASE.jar;C:\Users\jr23508\.m2\repository\org\springframework\spring-beans\4.1.4.RELEASE\spring-beans-4.1.4.RELEASE.jar;C:\Users\jr23508\.m2\repository\org\springframework\spring-context\4.1.4.RELEASE\spring-context-4.1.4.RELEASE.jar;C:\Users\jr23508\.m2\repository\org\springframework\spring-aop\4.1.4.RELEASE\spring-aop-4.1.4.RELEASE.jar;C:\Users\jr23508\.m2\repository\aopalliance\aopalliance\1.0\aopalliance-1.0.jar;C:\Users\jr23508\.m2\repository\org\springframework\spring-expression\4.1.4.RELEASE\spring-expression-4.1.4.RELEASE.jar;C:\Users\jr23508\.m2\repository\org\springframework\spring-web\4.1.4.RELEASE\spring-web-4.1.4.RELEASE.jar;C:\Users\jr23508\.m2\repository\org\springframework\spring-oxm\4.1.4.RELEASE\spring-oxm-4.1.4.RELEASE.jar;C:\Users\jr23508\.m2\repository\org\springframework\spring-orm\4.1.4.RELEASE\spring-orm-4.1.4.RELEASE.jar;C:\Users\jr23508\.m2\repository\org\springframework\spring-jdbc\4.1.4.RELEASE\spring-jdbc-4.1.4.RELEASE.jar;C:\Users\jr23508\.m2\repository\org\springframework\spring-tx\4.1.4.RELEASE\spring-tx-4.1.4.RELEASE.jar;C:\Users\jr23508\.m2\repository\org\springframework\spring-test\4.1.4.RELEASE\spring-test-4.1.4.RELEASE.jar;C:\Users\jr23508\.m2\repository\com\fasterxml\jackson\core\jackson-core\2.2.3\jackson-core-2.2.3.jar;C:\Users\jr23508\.m2\repository\com\fasterxml\jackson\core\jackson-databind\2.2.3\jackson-databind-2.2.3.jar;C:\Users\jr23508\.m2\repository\com\fasterxml\jackson\core\jackson-annotations\2.2.3\jackson-annotations-2.2.3.jar;C:\Users\jr23508\.m2\repository\com\thoughtworks\xstream\xstream\1.4.7\xstream-1.4.7.jar;C:\Users\jr23508\.m2\repository\xmlpull\xmlpull\1.1.3.1\xmlpull-1.1.3.1.jar;C:\Users\jr23508\.m2\repository\xpp3\xpp3_min\1.1.4c\xpp3_min-1.1.4c.jar;C:\Users\jr23508\.m2\repository\log4j\log4j\1.2.17\log4j-1.2.17.jar;C:\Users\jr23508\.m2\repository\junit\junit\4.11\junit-4.11.jar;C:\Users\jr23508\.m2\repository\net\sourceforge\cobertura\cobertura\2.1.1\cobertura-2.1.1.jar;C:\Users\jr23508\.m2\repository\jaxen\jaxen\1.1.4\jaxen-1.1.4.jar;C:\Users\jr23508\.m2\repository\org\apache\ant\ant\1.8.3\ant-1.8.3.jar;C:\Users\jr23508\.m2\repository\org\apache\ant\ant-launcher\1.8.3\ant-launcher-1.8.3.jar;C:\Users\jr23508\.m2\repository\org\apache\ant\ant-junit\1.8.3\ant-junit-1.8.3.jar;C:\Users\jr23508\.m2\repository\org\mortbay\jetty\servlet-api-2.5\6.1.14\servlet-api-2.5-6.1.14.jar;C:\Users\jr23508\.m2\repository\org\mortbay\jetty\jetty\6.1.14\jetty-6.1.14.jar;C:\Users\jr23508\.m2\repository\org\mortbay\jetty\jetty-util\6.1.14\jetty-util-6.1.14.jar;c:\Program Files (x86)\Java\jdk1.7.0_51\jre\..\lib\tools.jar;C:\Users\jr23508\.m2\repository\ch\qos\logback\logback-classic\1.0.13\logback-classic-1.0.13.jar;C:\Users\jr23508\.m2\repository\ch\qos\logback\logback-core\1.0.13\logback-core-1.0.13.jar;C:\Users\jr23508\.m2\repository\org\apache\commons\commons-lang3\3.3.2\commons-lang3-3.3.2.jar;"/>
    <property name="java.specification.name" value="Java Platform API Specification"/>
    <property name="java.class.version" value="51.0"/>
    <property name="sun.management.compiler" value="HotSpot Client Compiler"/>
    <property name="os.version" value="6.1"/>
    <property name="user.home" value="C:\Users\jr23508"/>
    <property name="user.timezone" value="America/Sao_Paulo"/>
    <property name="java.awt.printerjob" value="sun.awt.windows.WPrinterJob"/>
    <property name="java.specification.version" value="1.7"/>
    <property name="file.encoding" value="Cp1252"/>
    <property name="user.name" value="jr23508"/>
    <property name="java.class.path" value="c:\Users\jr23508\Documents\JoaoVictor\tmp\tradeservices\target\test-classes;c:\Users\jr23508\Documents\JoaoVictor\tmp\tradeservices\target\generated-classes\cobertura;C:\Users\jr23508\.m2\repository\javax\servlet\javax.servlet-api\3.1.0\javax.servlet-api-3.1.0.jar;C:\Users\jr23508\.m2\repository\javax\transaction\jta\1.1\jta-1.1.jar;C:\Users\jr23508\.m2\repository\javax\servlet\jstl\1.2\jstl-1.2.jar;C:\Users\jr23508\.m2\repository\org\mockito\mockito-all\2.0.2-beta\mockito-all-2.0.2-beta.jar;C:\Users\jr23508\.m2\repository\com\h2database\h2\1.4.187\h2-1.4.187.jar;C:\Users\jr23508\.m2\repository\org\hamcrest\hamcrest-all\1.3\hamcrest-all-1.3.jar;C:\Users\jr23508\.m2\repository\org\hamcrest\hamcrest-library\1.3\hamcrest-library-1.3.jar;C:\Users\jr23508\.m2\repository\org\hamcrest\hamcrest-core\1.3\hamcrest-core-1.3.jar;C:\Users\jr23508\.m2\repository\com\jayway\jsonpath\json-path\2.0.0\json-path-2.0.0.jar;C:\Users\jr23508\.m2\repository\org\slf4j\slf4j-api\1.7.10\slf4j-api-1.7.10.jar;C:\Users\jr23508\.m2\repository\net\minidev\json-smart\2.1.1\json-smart-2.1.1.jar;C:\Users\jr23508\.m2\repository\net\minidev\asm\1.0.2\asm-1.0.2.jar;C:\Users\jr23508\.m2\repository\asm\asm\3.3.1\asm-3.3.1.jar;C:\Users\jr23508\.m2\repository\org\hibernate\hibernate-core\4.3.8.Final\hibernate-core-4.3.8.Final.jar;C:\Users\jr23508\.m2\repository\org\jboss\logging\jboss-logging\3.1.3.GA\jboss-logging-3.1.3.GA.jar;C:\Users\jr23508\.m2\repository\org\jboss\logging\jboss-logging-annotations\1.2.0.Beta1\jboss-logging-annotations-1.2.0.Beta1.jar;C:\Users\jr23508\.m2\repository\org\jboss\spec\javax\transaction\jboss-transaction-api_1.2_spec\1.0.0.Final\jboss-transaction-api_1.2_spec-1.0.0.Final.jar;C:\Users\jr23508\.m2\repository\dom4j\dom4j\1.6.1\dom4j-1.6.1.jar;C:\Users\jr23508\.m2\repository\xml-apis\xml-apis\1.0.b2\xml-apis-1.0.b2.jar;C:\Users\jr23508\.m2\repository\org\hibernate\common\hibernate-commons-annotations\4.0.5.Final\hibernate-commons-annotations-4.0.5.Final.jar;C:\Users\jr23508\.m2\repository\org\hibernate\javax\persistence\hibernate-jpa-2.1-api\1.0.0.Final\hibernate-jpa-2.1-api-1.0.0.Final.jar;C:\Users\jr23508\.m2\repository\org\javassist\javassist\3.18.1-GA\javassist-3.18.1-GA.jar;C:\Users\jr23508\.m2\repository\antlr\antlr\2.7.7\antlr-2.7.7.jar;C:\Users\jr23508\.m2\repository\org\jboss\jandex\1.1.0.Final\jandex-1.1.0.Final.jar;C:\Users\jr23508\.m2\repository\oracle\ojdbc\ojdbc6\11.2.0.4\ojdbc6-11.2.0.4.jar;C:\Users\jr23508\.m2\repository\org\springframework\spring-core\4.1.4.RELEASE\spring-core-4.1.4.RELEASE.jar;C:\Users\jr23508\.m2\repository\commons-logging\commons-logging\1.2\commons-logging-1.2.jar;C:\Users\jr23508\.m2\repository\org\springframework\spring-webmvc\4.1.4.RELEASE\spring-webmvc-4.1.4.RELEASE.jar;C:\Users\jr23508\.m2\repository\org\springframework\spring-beans\4.1.4.RELEASE\spring-beans-4.1.4.RELEASE.jar;C:\Users\jr23508\.m2\repository\org\springframework\spring-context\4.1.4.RELEASE\spring-context-4.1.4.RELEASE.jar;C:\Users\jr23508\.m2\repository\org\springframework\spring-aop\4.1.4.RELEASE\spring-aop-4.1.4.RELEASE.jar;C:\Users\jr23508\.m2\repository\aopalliance\aopalliance\1.0\aopalliance-1.0.jar;C:\Users\jr23508\.m2\repository\org\springframework\spring-expression\4.1.4.RELEASE\spring-expression-4.1.4.RELEASE.jar;C:\Users\jr23508\.m2\repository\org\springframework\spring-web\4.1.4.RELEASE\spring-web-4.1.4.RELEASE.jar;C:\Users\jr23508\.m2\repository\org\springframework\spring-oxm\4.1.4.RELEASE\spring-oxm-4.1.4.RELEASE.jar;C:\Users\jr23508\.m2\repository\org\springframework\spring-orm\4.1.4.RELEASE\spring-orm-4.1.4.RELEASE.jar;C:\Users\jr23508\.m2\repository\org\springframework\spring-jdbc\4.1.4.RELEASE\spring-jdbc-4.1.4.RELEASE.jar;C:\Users\jr23508\.m2\repository\org\springframework\spring-tx\4.1.4.RELEASE\spring-tx-4.1.4.RELEASE.jar;C:\Users\jr23508\.m2\repository\org\springframework\spring-test\4.1.4.RELEASE\spring-test-4.1.4.RELEASE.jar;C:\Users\jr23508\.m2\repository\com\fasterxml\jackson\core\jackson-core\2.2.3\jackson-core-2.2.3.jar;C:\Users\jr23508\.m2\repository\com\fasterxml\jackson\core\jackson-databind\2.2.3\jackson-databind-2.2.3.jar;C:\Users\jr23508\.m2\repository\com\fasterxml\jackson\core\jackson-annotations\2.2.3\jackson-annotations-2.2.3.jar;C:\Users\jr23508\.m2\repository\com\thoughtworks\xstream\xstream\1.4.7\xstream-1.4.7.jar;C:\Users\jr23508\.m2\repository\xmlpull\xmlpull\1.1.3.1\xmlpull-1.1.3.1.jar;C:\Users\jr23508\.m2\repository\xpp3\xpp3_min\1.1.4c\xpp3_min-1.1.4c.jar;C:\Users\jr23508\.m2\repository\log4j\log4j\1.2.17\log4j-1.2.17.jar;C:\Users\jr23508\.m2\repository\junit\junit\4.11\junit-4.11.jar;C:\Users\jr23508\.m2\repository\net\sourceforge\cobertura\cobertura\2.1.1\cobertura-2.1.1.jar;C:\Users\jr23508\.m2\repository\jaxen\jaxen\1.1.4\jaxen-1.1.4.jar;C:\Users\jr23508\.m2\repository\org\apache\ant\ant\1.8.3\ant-1.8.3.jar;C:\Users\jr23508\.m2\repository\org\apache\ant\ant-launcher\1.8.3\ant-launcher-1.8.3.jar;C:\Users\jr23508\.m2\repository\org\apache\ant\ant-junit\1.8.3\ant-junit-1.8.3.jar;C:\Users\jr23508\.m2\repository\org\mortbay\jetty\servlet-api-2.5\6.1.14\servlet-api-2.5-6.1.14.jar;C:\Users\jr23508\.m2\repository\org\mortbay\jetty\jetty\6.1.14\jetty-6.1.14.jar;C:\Users\jr23508\.m2\repository\org\mortbay\jetty\jetty-util\6.1.14\jetty-util-6.1.14.jar;c:\Program Files (x86)\Java\jdk1.7.0_51\jre\..\lib\tools.jar;C:\Users\jr23508\.m2\repository\ch\qos\logback\logback-classic\1.0.13\logback-classic-1.0.13.jar;C:\Users\jr23508\.m2\repository\ch\qos\logback\logback-core\1.0.13\logback-core-1.0.13.jar;C:\Users\jr23508\.m2\repository\org\apache\commons\commons-lang3\3.3.2\commons-lang3-3.3.2.jar;"/>
    <property name="java.vm.specification.version" value="1.7"/>
    <property name="sun.arch.data.model" value="32"/>
    <property name="java.home" value="c:\Program Files (x86)\Java\jdk1.7.0_51\jre"/>
    <property name="sun.java.command" value="c:\Users\jr23508\Documents\JoaoVictor\tmp\tradeservices\target\surefire\surefirebooter4117887007919582968.jar c:\Users\jr23508\Documents\JoaoVictor\tmp\tradeservices\target\surefire\surefire629091979158156939tmp c:\Users\jr23508\Documents\JoaoVictor\tmp\tradeservices\target\surefire\surefire368273733097883548tmp"/>
    <property name="java.specification.vendor" value="Oracle Corporation"/>
    <property name="user.language" value="en"/>
    <property name="user.language.format" value="pt"/>
    <property name="awt.toolkit" value="sun.awt.windows.WToolkit"/>
    <property name="java.vm.info" value="mixed mode, sharing"/>
    <property name="java.version" value="1.7.0_51"/>
    <property name="java.ext.dirs" value="c:\Program Files (x86)\Java\jdk1.7.0_51\jre\lib\ext;C:\Windows\Sun\Java\lib\ext"/>
    <property name="sun.boot.class.path" value="c:\Program Files (x86)\Java\jdk1.7.0_51\jre\lib\resources.jar;c:\Program Files (x86)\Java\jdk1.7.0_51\jre\lib\rt.jar;c:\Program Files (x86)\Java\jdk1.7.0_51\jre\lib\sunrsasign.jar;c:\Program Files (x86)\Java\jdk1.7.0_51\jre\lib\jsse.jar;c:\Program Files (x86)\Java\jdk1.7.0_51\jre\lib\jce.jar;c:\Program Files (x86)\Java\jdk1.7.0_51\jre\lib\charsets.jar;c:\Program Files (x86)\Java\jdk1.7.0_51\jre\lib\jfr.jar;c:\Program Files (x86)\Java\jdk1.7.0_51\jre\classes"/>
    <property name="java.vendor" value="Oracle Corporation"/>
    <property name="localRepository" value="C:\Users\jr23508\.m2\repository"/>
    <property name="file.separator" value="\"/>
    <property name="java.vendor.url.bug" value="http://bugreport.sun.com/bugreport/"/>
    <property name="sun.cpu.endian" value="little"/>
    <property name="sun.io.unicode.encoding" value="UnicodeLittle"/>
    <property name="sun.desktop" value="windows"/>
    <property name="sun.cpu.isalist" value="pentium_pro+mmx pentium_pro pentium+mmx pentium i486 i386 i86"/>
  </properties>
  <testcase time="0.133" classname="com.citi.tradservices.service.callback.CallbackMockTest" name="testGetCallback"/>
</testsuite>